<?xml version="1.0" encoding="UTF-8"?>
<testng-results skipped="0" failed="0" total="1" passed="1">
  <reporter-output>
    <line>
      <![CDATA[The application url is :- https://mail.google.com/]]>
    </line>
    <line>
      <![CDATA[The test browser is :- chrome
]]>
    </line>
    <line>
      <![CDATA[TEST PASSED: element txt_email is displayed.]]>
    </line>
    <line>
      <![CDATA[TEST PASSED: element txt_passwd is displayed.]]>
    </line>
  </reporter-output>
  <suite name="Default suite" duration-ms="16030" started-at="2018-07-23T13:19:35Z" finished-at="2018-07-23T13:19:51Z">
    <groups>
    </groups>
    <test name="Default test" duration-ms="16030" started-at="2018-07-23T13:19:35Z" finished-at="2018-07-23T13:19:51Z">
      <class name="com.qait.acs.tests.GmailTest">
        <test-method status="PASS" signature="launchBrowser()[pri:0, instance:com.qait.acs.tests.GmailTest@7d9d1a19]" name="launchBrowser" is-config="true" duration-ms="7121" started-at="2018-07-23T18:49:35Z" finished-at="2018-07-23T18:49:42Z">
          <reporter-output>
            <line>
              <![CDATA[The application url is :- https://mail.google.com/]]>
            </line>
            <line>
              <![CDATA[The test browser is :- chrome
]]>
            </line>
          </reporter-output>
        </test-method> <!-- launchBrowser -->
        <test-method status="PASS" signature="verifyLogin()[pri:0, instance:com.qait.acs.tests.GmailTest@7d9d1a19]" name="verifyLogin" duration-ms="8895" started-at="2018-07-23T18:49:42Z" finished-at="2018-07-23T18:49:51Z">
          <reporter-output>
            <line>
              <![CDATA[TEST PASSED: element txt_email is displayed.]]>
            </line>
            <line>
              <![CDATA[TEST PASSED: element txt_passwd is displayed.]]>
            </line>
          </reporter-output>
        </test-method> <!-- verifyLogin -->
        <test-method status="PASS" signature="closeBrowser()[pri:0, instance:com.qait.acs.tests.GmailTest@7d9d1a19]" name="closeBrowser" is-config="true" duration-ms="0" started-at="2018-07-23T18:49:51Z" finished-at="2018-07-23T18:49:51Z">
          <reporter-output>
          </reporter-output>
        </test-method> <!-- closeBrowser -->
      </class> <!-- com.qait.acs.tests.GmailTest -->
    </test> <!-- Default test -->
  </suite> <!-- Default suite -->
</testng-results>
